Detecting compiler hash for triplet x64-windows...
Compiler found: C:/Program Files/Microsoft Visual Studio/2022/Community/VC/Tools/MSVC/14.37.32822/bin/Hostx64/x64/cl.exe
The following packages will be built and installed:
  * brotli:x64-windows@1.1.0#1 -- C:\vcpkg\buildtrees\versioning_\versions\brotli\4e5b5ae1ad26c80535c893cc0307121f0398549e
  * c-ares:x64-windows@1.34.2 -- C:\vcpkg\buildtrees\versioning_\versions\c-ares\78f3eb04280f992a8af0ebc68f67d965542ebffc
    drogon:x64-windows@1.9.8 -- C:\vcpkg\buildtrees\versioning_\versions\drogon\4c701ae2548b41370eeebae23e5e14a806268c06
  * jsoncpp:x64-windows@1.9.6 -- C:\vcpkg\buildtrees\versioning_\versions\jsoncpp\dde49ad9d554fd5f062c0c1deea6e54b6fdb35b2
    nlohmann-json:x64-windows@3.11.3#1 -- C:\vcpkg\buildtrees\versioning_\versions\nlohmann-json\324d32ddba70bc49650d1a067ddcf3d0bfc6c9b6
    openssl:x64-windows@3.4.0 -- C:\vcpkg\buildtrees\versioning_\versions\openssl\ce504a83eb9627d54f1cffdb497a6bf5bd970d18
  * trantor:x64-windows@1.5.22 -- C:\vcpkg\buildtrees\versioning_\versions\trantor\171e9e59a73d94138de424aeb566491c73c6a25c
  * vcpkg-cmake:x64-windows@2024-04-23 -- C:\vcpkg\buildtrees\versioning_\versions\vcpkg-cmake\e74aa1e8f93278a8e71372f1fa08c3df420eb840
  * vcpkg-cmake-config:x64-windows@2024-05-23 -- C:\vcpkg\buildtrees\versioning_\versions\vcpkg-cmake-config\97a63e4bc1a17422ffe4eff71da53b4b561a7841
  * vcpkg-cmake-get-vars:x64-windows@2024-09-22 -- C:\vcpkg\buildtrees\versioning_\versions\vcpkg-cmake-get-vars\f23148add155147f3d95ae622d3b0031beb25acf
  * zlib:x64-windows@1.3.1 -- C:\vcpkg\buildtrees\versioning_\versions\zlib\3f05e04b9aededb96786a911a16193cdb711f0c9
Additional packages (*) will be modified to complete this operation.
Restored 11 package(s) from C:\Users\weerapol\AppData\Local\vcpkg\archives in 884 ms. Use --debug to see more details.
Installing 1/11 vcpkg-cmake:x64-windows@2024-04-23...
Elapsed time to handle vcpkg-cmake:x64-windows: 8.14 ms
vcpkg-cmake:x64-windows package ABI: 669bb20c9beece40cb9b99f56ee582ac18186eaf4bc8460a5dd3294d7f12a9a1
Installing 2/11 zlib:x64-windows@1.3.1...
Elapsed time to handle zlib:x64-windows: 19.1 ms
zlib:x64-windows package ABI: b8a61bc3ee913bbba1fc38f7dd42d68c10286477071f2c12f01b0ad051db7a7d
Installing 3/11 vcpkg-cmake-config:x64-windows@2024-05-23...
Elapsed time to handle vcpkg-cmake-config:x64-windows: 4.86 ms
vcpkg-cmake-config:x64-windows package ABI: 43003a5064f5de769d4394207a3d1aa7a43dfcc08c4e14ecdd61d545dccf9ddf
Installing 4/11 vcpkg-cmake-get-vars:x64-windows@2024-09-22...
Elapsed time to handle vcpkg-cmake-get-vars:x64-windows: 5.77 ms
vcpkg-cmake-get-vars:x64-windows package ABI: 99d828ecfeb1d45a3db6f64a5c8d1ae4c079bce5125ab03a616cd084d7728d44
Installing 5/11 openssl:x64-windows@3.4.0...
Elapsed time to handle openssl:x64-windows: 49.8 ms
openssl:x64-windows package ABI: 71d730535c26c096dfcedcf519ca11ec474b6ce127b2d0d271500ca1947d4e85
Installing 6/11 c-ares:x64-windows@1.34.2...
Elapsed time to handle c-ares:x64-windows: 19.5 ms
c-ares:x64-windows package ABI: ddee6fd73fa9b324813e5cccdb7da043846c4dec3be4da1dec688c00ebba8a56
Installing 7/11 trantor:x64-windows@1.5.22...
Elapsed time to handle trantor:x64-windows: 25.4 ms
trantor:x64-windows package ABI: 67bfaec7d258d4e1952adbc2eada352aa3718114307423f0c1b65a2ed5c5bde3
Installing 8/11 jsoncpp:x64-windows@1.9.6...
Elapsed time to handle jsoncpp:x64-windows: 13.6 ms
jsoncpp:x64-windows package ABI: 3c22635fe8da47ad6219965c256788c372a6117a56963757c33d696d2c08f009
Installing 9/11 brotli:x64-windows@1.1.0#1...
Elapsed time to handle brotli:x64-windows: 22.4 ms
brotli:x64-windows package ABI: 51fb07ea9cb48cab05a5c99ae59169098f4cf49e4ad65310991b4ff2f80fb87a
Installing 10/11 drogon:x64-windows@1.9.8...
Elapsed time to handle drogon:x64-windows: 37.1 ms
drogon:x64-windows package ABI: 28ef4d56cb2e1789bb92bba3d7a0f34719b61c6ad615c60a00ba2e4fa2681954
Installing 11/11 nlohmann-json:x64-windows@3.11.3#1...
Elapsed time to handle nlohmann-json:x64-windows: 20.2 ms
nlohmann-json:x64-windows package ABI: 266226f84ba4d7ff519a64368f8104f475141515f5afd5e731e201ec238efda4
Total install time: 226 ms
openssl is compatible with built-in CMake targets:

  find_package(OpenSSL REQUIRED)
  target_link_libraries(main PRIVATE OpenSSL::SSL)
  target_link_libraries(main PRIVATE OpenSSL::Crypto)

The package drogon provides CMake targets:

    find_package(Drogon CONFIG REQUIRED)
    target_link_libraries(main PRIVATE Drogon::Drogon)

The package nlohmann-json provides CMake targets:

    find_package(nlohmann_json CONFIG REQUIRED)
    target_link_libraries(main PRIVATE nlohmann_json::nlohmann_json)

The package nlohmann-json can be configured to not provide implicit conversions via a custom triplet file:

    set(nlohmann-json_IMPLICIT_CONVERSIONS OFF)

For more information, see the docs here:
    
    https://json.nlohmann.me/api/macros/json_use_implicit_conversions/

